<?xml version="1.0" encoding="UTF-8"?>
<!-- Generated by org.testng.reporters.JUnitReportReporter -->
<testsuite skipped="0" hostname="docker-desktop" name="SimpleTest" tests="1" failures="0" timestamp="2020-11-08T03:38:02 GMT" time="1.704" errors="0">
  <testcase name="simpleTest" time="1.704" classname="SimpleTest"/>
</testsuite> <!-- SimpleTest -->
